[27-Jun-2017 09:53:29 Asia/Shanghai] yii\base\InvalidRouteException: Unable to resolve the request "u/error". in E:\atapp\frame\base\Module.php:464
Stack trace:
#0 E:\atapp\frame\web\ErrorHandler.php(80): yii\base\Module->runAction('u/error')
#1 E:\atapp\frame\base\ErrorHandler.php(95): yii\web\ErrorHandler->renderException(Object(yii\web\NotFoundHttpException))
#2 [internal function]: yii\base\ErrorHandler->handleException(Object(yii\web\NotFoundHttpException))
#3 {main}
Previous exception:
yii\base\InvalidRouteException: Unable to resolve the request "images/20170627/d771a36f992.jpg". in E:\atapp\frame\base\Module.php:464
Stack trace:
#0 E:\atapp\frame\web\Application.php(87): yii\base\Module->runAction('images/20170627...', Array)
#1 E:\atapp\frame\base\Application.php(377): yii\web\Application->handleRequest(Object(yii\web\Request))
#2 E:\atapp\app\web\index.php(19): yii\base\Application->run()
#3 {main}

Next yii\web\NotFoundHttpException: 页面未找到。 in E:\atapp\frame\web\Application.php:100
Stack trace:
#0 E:\atapp\frame\base\Application.php(377): yii\web\Application->handleRequest(Object(yii\web\Request))
#1 E:\atapp\app\web\index.php(19): yii\base\Application->run()
#2 {main}
$_SERVER = [
    'PATH' => 'C:\\WINDOWS\\system32;C:\\WINDOWS;C:\\WINDOWS\\System32\\Wbem;C:\\WINDOWS\\System32\\WindowsPowerShell\\v1.0\\;C:\\Program Files\\TortoiseSVN\\bin;C:\\Program Files (x86)\\Rational\\common;C:\\phpStudy\\php70n;C:\\Users\\西斗门\\AppData\\Local\\Microsoft\\WindowsApps;C:\\phpStudy\\php70n',
    'SYSTEMROOT' => 'C:\\WINDOWS',
    'COMSPEC' => 'C:\\WINDOWS\\system32\\cmd.exe',
    'PATHEXT' => '.COM;.EXE;.BAT;.CMD;.VBS;.VBE;.JS;.JSE;.WSF;.WSH;.MSC',
    'WINDIR' => 'C:\\WINDOWS',
    'PHP_FCGI_MAX_REQUESTS' => '1000',
    'PHPRC' => 'C:/phpStudy/php70n',
    '_FCGI_SHUTDOWN_EVENT_' => '2268',
    'SCRIPT_NAME' => '/index.php',
    'REQUEST_URI' => '/images/20170627/d771a36f992.jpg',
    'QUERY_STRING' => '',
    'REQUEST_METHOD' => 'GET',
    'SERVER_PROTOCOL' => 'HTTP/1.1',
    'GATEWAY_INTERFACE' => 'CGI/1.1',
    'REDIRECT_URL' => '/images/20170627/d771a36f992.jpg',
    'REMOTE_PORT' => '55924',
    'SCRIPT_FILENAME' => 'E:/atapp/app/web/index.php',
    'SERVER_ADMIN' => 'admin@phpStudy.net',
    'CONTEXT_DOCUMENT_ROOT' => 'E:/atapp/app/web',
    'CONTEXT_PREFIX' => '',
    'REQUEST_SCHEME' => 'http',
    'DOCUMENT_ROOT' => 'E:/atapp/app/web',
    'REMOTE_ADDR' => '127.0.0.1',
    'SERVER_PORT' => '80',
    'SERVER_ADDR' => '127.0.0.1',
    'SERVER_NAME' => 'upload.atapp.cc',
    'SERVER_SOFTWARE' => 'Apache/2.4.18 (Win32) OpenSSL/1.0.2e mod_fcgid/2.3.9',
    'SERVER_SIGNATURE' => '',
    'SystemRoot' => 'C:\\WINDOWS',
    'HTTP_DNT' => '1',
    'HTTP_ACCEPT_LANGUAGE' => 'zh-CN,zh;q=0.8',
    'HTTP_ACCEPT_ENCODING' => 'gzip, deflate',
    'HTTP_REFERER' => 'http://admin.atapp.cc/system/ads',
    'HTTP_USER_AGENT' => 'Mozilla/5.0 (Windows NT 10.0; WOW64) AppleWebKit/537.36 (KHTML, like Gecko) Chrome/47.0.2526.106 BIDUBrowser/8.7 Safari/537.36',
    'HTTP_ACCEPT' => 'image/webp,image/*,*/*;q=0.8',
    'HTTP_CONNECTION' => 'close',
    'HTTP_HOST' => 'upload.atapp.cc',
    'REDIRECT_STATUS' => '200',
    'FCGI_ROLE' => 'RESPONDER',
    'PHP_SELF' => '/index.php',
    'REQUEST_TIME_FLOAT' => 1498528409.4081521,
    'REQUEST_TIME' => 1498528409,
]
[27-Jun-2017 09:54:11 Asia/Shanghai] yii\base\InvalidRouteException: Unable to resolve the request "u/error". in E:\atapp\frame\base\Module.php:464
Stack trace:
#0 E:\atapp\frame\web\ErrorHandler.php(80): yii\base\Module->runAction('u/error')
#1 E:\atapp\frame\base\ErrorHandler.php(95): yii\web\ErrorHandler->renderException(Object(yii\web\NotFoundHttpException))
#2 [internal function]: yii\base\ErrorHandler->handleException(Object(yii\web\NotFoundHttpException))
#3 {main}
Previous exception:
yii\base\InvalidRouteException: Unable to resolve the request "images/20170627/d771a36f992.jpg". in E:\atapp\frame\base\Module.php:464
Stack trace:
#0 E:\atapp\frame\web\Application.php(87): yii\base\Module->runAction('images/20170627...', Array)
#1 E:\atapp\frame\base\Application.php(377): yii\web\Application->handleRequest(Object(yii\web\Request))
#2 E:\atapp\app\web\index.php(19): yii\base\Application->run()
#3 {main}

Next yii\web\NotFoundHttpException: 页面未找到。 in E:\atapp\frame\web\Application.php:100
Stack trace:
#0 E:\atapp\frame\base\Application.php(377): yii\web\Application->handleRequest(Object(yii\web\Request))
#1 E:\atapp\app\web\index.php(19): yii\base\Application->run()
#2 {main}
$_SERVER = [
    'PATH' => 'C:\\WINDOWS\\system32;C:\\WINDOWS;C:\\WINDOWS\\System32\\Wbem;C:\\WINDOWS\\System32\\WindowsPowerShell\\v1.0\\;C:\\Program Files\\TortoiseSVN\\bin;C:\\Program Files (x86)\\Rational\\common;C:\\phpStudy\\php70n;C:\\Users\\西斗门\\AppData\\Local\\Microsoft\\WindowsApps;C:\\phpStudy\\php70n',
    'SYSTEMROOT' => 'C:\\WINDOWS',
    'COMSPEC' => 'C:\\WINDOWS\\system32\\cmd.exe',
    'PATHEXT' => '.COM;.EXE;.BAT;.CMD;.VBS;.VBE;.JS;.JSE;.WSF;.WSH;.MSC',
    'WINDIR' => 'C:\\WINDOWS',
    'PHP_FCGI_MAX_REQUESTS' => '1000',
    'PHPRC' => 'C:/phpStudy/php70n',
    '_FCGI_SHUTDOWN_EVENT_' => '2268',
    'SCRIPT_NAME' => '/index.php',
    'REQUEST_URI' => '/images/20170627/d771a36f992.jpg',
    'QUERY_STRING' => '',
    'REQUEST_METHOD' => 'GET',
    'SERVER_PROTOCOL' => 'HTTP/1.1',
    'GATEWAY_INTERFACE' => 'CGI/1.1',
    'REDIRECT_URL' => '/images/20170627/d771a36f992.jpg',
    'REMOTE_PORT' => '55951',
    'SCRIPT_FILENAME' => 'E:/atapp/app/web/index.php',
    'SERVER_ADMIN' => 'admin@phpStudy.net',
    'CONTEXT_DOCUMENT_ROOT' => 'E:/atapp/app/web',
    'CONTEXT_PREFIX' => '',
    'REQUEST_SCHEME' => 'http',
    'DOCUMENT_ROOT' => 'E:/atapp/app/web',
    'REMOTE_ADDR' => '127.0.0.1',
    'SERVER_PORT' => '80',
    'SERVER_ADDR' => '127.0.0.1',
    'SERVER_NAME' => 'upload.atapp.cc',
    'SERVER_SOFTWARE' => 'Apache/2.4.18 (Win32) OpenSSL/1.0.2e mod_fcgid/2.3.9',
    'SERVER_SIGNATURE' => '',
    'SystemRoot' => 'C:\\WINDOWS',
    'HTTP_DNT' => '1',
    'HTTP_ACCEPT_LANGUAGE' => 'zh-CN,zh;q=0.8',
    'HTTP_ACCEPT_ENCODING' => 'gzip, deflate',
    'HTTP_USER_AGENT' => 'Mozilla/5.0 (Windows NT 10.0; WOW64) AppleWebKit/537.36 (KHTML, like Gecko) Chrome/47.0.2526.106 BIDUBrowser/8.7 Safari/537.36',
    'HTTP_UPGRADE_INSECURE_REQUESTS' => '1',
    'HTTP_ACCEPT' => 'text/html,application/xhtml+xml,application/xml;q=0.9,image/webp,*/*;q=0.8',
    'HTTP_CONNECTION' => 'close',
    'HTTP_HOST' => 'upload.atapp.cc',
    'REDIRECT_STATUS' => '200',
    'FCGI_ROLE' => 'RESPONDER',
    'PHP_SELF' => '/index.php',
    'REQUEST_TIME_FLOAT' => 1498528451.7044301,
    'REQUEST_TIME' => 1498528451,
]
[27-Jun-2017 09:54:11 Asia/Shanghai] yii\base\InvalidRouteException: Unable to resolve the request "u/error". in E:\atapp\frame\base\Module.php:464
Stack trace:
#0 E:\atapp\frame\web\ErrorHandler.php(80): yii\base\Module->runAction('u/error')
#1 E:\atapp\frame\base\ErrorHandler.php(95): yii\web\ErrorHandler->renderException(Object(yii\web\NotFoundHttpException))
#2 [internal function]: yii\base\ErrorHandler->handleException(Object(yii\web\NotFoundHttpException))
#3 {main}
Previous exception:
yii\base\InvalidRouteException: Unable to resolve the request "favicon.ico". in E:\atapp\frame\base\Module.php:464
Stack trace:
#0 E:\atapp\frame\web\Application.php(87): yii\base\Module->runAction('favicon.ico', Array)
#1 E:\atapp\frame\base\Application.php(377): yii\web\Application->handleRequest(Object(yii\web\Request))
#2 E:\atapp\app\web\index.php(19): yii\base\Application->run()
#3 {main}

Next yii\web\NotFoundHttpException: 页面未找到。 in E:\atapp\frame\web\Application.php:100
Stack trace:
#0 E:\atapp\frame\base\Application.php(377): yii\web\Application->handleRequest(Object(yii\web\Request))
#1 E:\atapp\app\web\index.php(19): yii\base\Application->run()
#2 {main}
$_SERVER = [
    'PATH' => 'C:\\WINDOWS\\system32;C:\\WINDOWS;C:\\WINDOWS\\System32\\Wbem;C:\\WINDOWS\\System32\\WindowsPowerShell\\v1.0\\;C:\\Program Files\\TortoiseSVN\\bin;C:\\Program Files (x86)\\Rational\\common;C:\\phpStudy\\php70n;C:\\Users\\西斗门\\AppData\\Local\\Microsoft\\WindowsApps;C:\\phpStudy\\php70n',
    'SYSTEMROOT' => 'C:\\WINDOWS',
    'COMSPEC' => 'C:\\WINDOWS\\system32\\cmd.exe',
    'PATHEXT' => '.COM;.EXE;.BAT;.CMD;.VBS;.VBE;.JS;.JSE;.WSF;.WSH;.MSC',
    'WINDIR' => 'C:\\WINDOWS',
    'PHP_FCGI_MAX_REQUESTS' => '1000',
    'PHPRC' => 'C:/phpStudy/php70n',
    '_FCGI_SHUTDOWN_EVENT_' => '2268',
    'SCRIPT_NAME' => '/index.php',
    'REQUEST_URI' => '/favicon.ico',
    'QUERY_STRING' => '',
    'REQUEST_METHOD' => 'GET',
    'SERVER_PROTOCOL' => 'HTTP/1.1',
    'GATEWAY_INTERFACE' => 'CGI/1.1',
    'REDIRECT_URL' => '/favicon.ico',
    'REMOTE_PORT' => '55951',
    'SCRIPT_FILENAME' => 'E:/atapp/app/web/index.php',
    'SERVER_ADMIN' => 'admin@phpStudy.net',
    'CONTEXT_DOCUMENT_ROOT' => 'E:/atapp/app/web',
    'CONTEXT_PREFIX' => '',
    'REQUEST_SCHEME' => 'http',
    'DOCUMENT_ROOT' => 'E:/atapp/app/web',
    'REMOTE_ADDR' => '127.0.0.1',
    'SERVER_PORT' => '80',
    'SERVER_ADDR' => '127.0.0.1',
    'SERVER_NAME' => 'upload.atapp.cc',
    'SERVER_SOFTWARE' => 'Apache/2.4.18 (Win32) OpenSSL/1.0.2e mod_fcgid/2.3.9',
    'SERVER_SIGNATURE' => '',
    'SystemRoot' => 'C:\\WINDOWS',
    'HTTP_DNT' => '1',
    'HTTP_ACCEPT_LANGUAGE' => 'zh-CN,zh;q=0.8',
    'HTTP_ACCEPT_ENCODING' => 'gzip, deflate',
    'HTTP_USER_AGENT' => 'Mozilla/5.0 (Windows NT 10.0; WOW64) AppleWebKit/537.36 (KHTML, like Gecko) Chrome/47.0.2526.106 Safari/537.36',
    'HTTP_CONNECTION' => 'close',
    'HTTP_HOST' => 'upload.atapp.cc',
    'REDIRECT_STATUS' => '200',
    'FCGI_ROLE' => 'RESPONDER',
    'PHP_SELF' => '/index.php',
    'REQUEST_TIME_FLOAT' => 1498528451.892622,
    'REQUEST_TIME' => 1498528451,
]
